<?xml version="1.0" encoding="UTF-8"?>
<!-- Generated by org.testng.reporters.JUnitXMLReporter -->
<testsuite ignored="1" hostname="iOrbit_PC_31" failures="0" tests="2" name="Test" time="27.355" errors="0" timestamp="2026-04-10T15:01:00 IST">
  <testcase classname="tests.DoctorLoginTest" name="testValidLogin" time="5.799"/>
  <testcase classname="tests.OTPTest" name="enterOTPTest" time="13.201"/>
  <testcase classname="Pages.BaseClassDoctor" name="@BeforeTest setup" time="0.0">
    <ignored/>
  </testcase> <!-- @BeforeTest setup -->
</testsuite> <!-- Test -->
