<?xml version="1.0" encoding="UTF-8"?>
<!-- Generated by org.testng.reporters.JUnitXMLReporter -->
<testsuite ignored="1" hostname="iOrbit_PC_31" failures="2" tests="2" name="Test" time="101.721" errors="0" timestamp="2026-04-14T17:13:22 IST">
  <testcase classname="tests.DoctorLoginTest" name="testValidLogin" time="27.856">
    <failure type="java.lang.AssertionError" message="Exception occured: Expected condition failed: waiting for visibility of Located by By.chained({AppiumBy.androidUIAutomator: new UiSelector().text(&amp;quot;Email Address&amp;quot;)})
(tried for 5 seconds with 500 milliseconds interval)">
      <![CDATA[java.lang.AssertionError: Exception occured: Expected condition failed: waiting for visibility of Located by By.chained({AppiumBy.androidUIAutomator: new UiSelector().text("Email Address")})
(tried for 5 seconds with 500 milliseconds interval)
at tests.DoctorLoginTest.testValidLogin(DoctorLoginTest.java:33)
at java.base/java.util.ArrayList.forEach(ArrayList.java:1511)
... Removed 28 stack frames]]>
    </failure>
  </testcase> <!-- testValidLogin -->
  <testcase classname="tests.OTPTest" name="enterOTPTest" time="26.006">
    <failure type="java.lang.Exception" message="No new OTP email arrived within 20 seconds.">
      <![CDATA[java.lang.Exception: No new OTP email arrived within 20 seconds.
at Pages.OTPClass.fetchLatestOTP(OTPClass.java:65)
at tests.OTPTest.enterOTPTest(OTPTest.java:31)
at java.base/java.util.ArrayList.forEach(ArrayList.java:1511)
... Removed 27 stack frames]]>
    </failure>
  </testcase> <!-- enterOTPTest -->
  <testcase classname="Pages.BaseClassDoctor" name="@BeforeTest setup" time="0.0">
    <ignored/>
  </testcase> <!-- @BeforeTest setup -->
</testsuite> <!-- Test -->
