<?xml version="1.0" encoding="UTF-8"?>
<testng-results ignored="0" total="2" passed="0" failed="2" skipped="0">
  <reporter-output>
  </reporter-output>
  <suite started-at="2026-04-14T17:11:41 IST" name="Suite" finished-at="2026-04-14T17:13:22 IST" duration-ms="101721">
    <groups>
      <group name="login">
        <method signature="DoctorLoginTest.testValidLogin()[pri:0, instance:tests.DoctorLoginTest@70325e14]" name="testValidLogin" class="tests.DoctorLoginTest"/>
      </group> <!-- login -->
    </groups>
    <test started-at="2026-04-14T17:11:41 IST" name="Test" finished-at="2026-04-14T17:13:22 IST" duration-ms="101721">
      <class name="tests.DoctorLoginTest">
        <test-method is-config="true" signature="setup()[pri:0, instance:tests.DoctorLoginTest@70325e14]" started-at="2026-04-14T17:11:41 IST" name="setup" finished-at="2026-04-14T17:12:28 IST" duration-ms="46949" status="PASS">
          <reporter-output>
          </reporter-output>
        </test-method> <!-- setup -->
        <test-method is-config="true" signature="initPage()[pri:0, instance:tests.DoctorLoginTest@70325e14]" started-at="2026-04-14T17:12:28 IST" name="initPage" finished-at="2026-04-14T17:12:28 IST" duration-ms="839" status="PASS">
          <reporter-output>
          </reporter-output>
        </test-method> <!-- initPage -->
        <test-method signature="testValidLogin()[pri:0, instance:tests.DoctorLoginTest@70325e14]" started-at="2026-04-14T17:12:28 IST" name="testValidLogin" finished-at="2026-04-14T17:12:56 IST" duration-ms="27856" status="FAIL">
          <exception class="java.lang.AssertionError">
            <message>
              <![CDATA[Exception occured: Expected condition failed: waiting for visibility of Located by By.chained({AppiumBy.androidUIAutomator: new UiSelector().text("Email Address")})
(tried for 5 seconds with 500 milliseconds interval)]]>
            </message>
            <full-stacktrace>
              <![CDATA[java.lang.AssertionError: Exception occured: Expected condition failed: waiting for visibility of Located by By.chained({AppiumBy.androidUIAutomator: new UiSelector().text("Email Address")})
(tried for 5 seconds with 500 milliseconds interval)
at org.testng.Assert.fail(Assert.java:111)
at tests.DoctorLoginTest.testValidLogin(DoctorLoginTest.java:33)
at java.base/jdk.internal.reflect.NativeMethodAccessorImpl.invoke0(Native Method)
at java.base/jdk.internal.reflect.NativeMethodAccessorImpl.invoke(NativeMethodAccessorImpl.java:77)
at java.base/jdk.internal.reflect.DelegatingMethodAccessorImpl.invoke(DelegatingMethodAccessorImpl.java:43)
at java.base/java.lang.reflect.Method.invoke(Method.java:568)
at org.testng.internal.invokers.MethodInvocationHelper.invokeMethod(MethodInvocationHelper.java:141)
at org.testng.internal.invokers.TestInvoker.invokeMethod(TestInvoker.java:687)
at org.testng.internal.invokers.TestInvoker.invokeTestMethod(TestInvoker.java:230)
at org.testng.internal.invokers.MethodRunner.runInSequence(MethodRunner.java:63)
at org.testng.internal.invokers.TestInvoker$MethodInvocationAgent.invoke(TestInvoker.java:995)
at org.testng.internal.invokers.TestInvoker.invokeTestMethods(TestInvoker.java:203)
at org.testng.internal.invokers.TestMethodWorker.invokeTestMethods(TestMethodWorker.java:154)
at org.testng.internal.invokers.TestMethodWorker.run(TestMethodWorker.java:134)
at java.base/java.util.ArrayList.forEach(ArrayList.java:1511)
at org.testng.TestRunner.privateRun(TestRunner.java:741)
at org.testng.TestRunner.run(TestRunner.java:616)
at org.testng.SuiteRunner.runTest(SuiteRunner.java:421)
at org.testng.SuiteRunner.runSequentially(SuiteRunner.java:413)
at org.testng.SuiteRunner.privateRun(SuiteRunner.java:373)
at org.testng.SuiteRunner.run(SuiteRunner.java:312)
at org.testng.SuiteRunnerWorker.runSuite(SuiteRunnerWorker.java:52)
at org.testng.SuiteRunnerWorker.run(SuiteRunnerWorker.java:95)
at org.testng.TestNG.runSuitesSequentially(TestNG.java:1274)
at org.testng.TestNG.runSuitesLocally(TestNG.java:1208)
at org.testng.TestNG.runSuites(TestNG.java:1112)
at org.testng.TestNG.run(TestNG.java:1079)
at org.testng.remote.AbstractRemoteTestNG.run(AbstractRemoteTestNG.java:115)
at org.testng.remote.RemoteTestNG.initAndRun(RemoteTestNG.java:293)
at org.testng.remote.RemoteTestNG.main(RemoteTestNG.java:91)
]]>
            </full-stacktrace>
          </exception> <!-- java.lang.AssertionError -->
          <reporter-output>
          </reporter-output>
        </test-method> <!-- testValidLogin -->
      </class> <!-- tests.DoctorLoginTest -->
      <class name="tests.OTPTest">
        <test-method is-config="true" signature="initTestReport()[pri:0, instance:tests.OTPTest@1190200a]" started-at="2026-04-14T17:12:28 IST" name="initTestReport" finished-at="2026-04-14T17:12:28 IST" depends-on-methods="Pages.BaseClassDoctor.setup" duration-ms="4" status="PASS">
          <reporter-output>
          </reporter-output>
        </test-method> <!-- initTestReport -->
        <test-method signature="enterOTPTest()[pri:0, instance:tests.OTPTest@1190200a]" started-at="2026-04-14T17:12:56 IST" name="enterOTPTest" finished-at="2026-04-14T17:13:22 IST" duration-ms="26006" status="FAIL">
          <exception class="java.lang.Exception">
            <message>
              <![CDATA[No new OTP email arrived within 20 seconds.]]>
            </message>
            <full-stacktrace>
              <![CDATA[java.lang.Exception: No new OTP email arrived within 20 seconds.
at Pages.OTPClass.fetchLatestOTP(OTPClass.java:65)
at tests.OTPTest.enterOTPTest(OTPTest.java:31)
at java.base/jdk.internal.reflect.NativeMethodAccessorImpl.invoke0(Native Method)
at java.base/jdk.internal.reflect.NativeMethodAccessorImpl.invoke(NativeMethodAccessorImpl.java:77)
at java.base/jdk.internal.reflect.DelegatingMethodAccessorImpl.invoke(DelegatingMethodAccessorImpl.java:43)
at java.base/java.lang.reflect.Method.invoke(Method.java:568)
at org.testng.internal.invokers.MethodInvocationHelper.invokeMethod(MethodInvocationHelper.java:141)
at org.testng.internal.invokers.TestInvoker.invokeMethod(TestInvoker.java:687)
at org.testng.internal.invokers.TestInvoker.invokeTestMethod(TestInvoker.java:230)
at org.testng.internal.invokers.MethodRunner.runInSequence(MethodRunner.java:63)
at org.testng.internal.invokers.TestInvoker$MethodInvocationAgent.invoke(TestInvoker.java:995)
at org.testng.internal.invokers.TestInvoker.invokeTestMethods(TestInvoker.java:203)
at org.testng.internal.invokers.TestMethodWorker.invokeTestMethods(TestMethodWorker.java:154)
at org.testng.internal.invokers.TestMethodWorker.run(TestMethodWorker.java:134)
at java.base/java.util.ArrayList.forEach(ArrayList.java:1511)
at org.testng.TestRunner.privateRun(TestRunner.java:741)
at org.testng.TestRunner.run(TestRunner.java:616)
at org.testng.SuiteRunner.runTest(SuiteRunner.java:421)
at org.testng.SuiteRunner.runSequentially(SuiteRunner.java:413)
at org.testng.SuiteRunner.privateRun(SuiteRunner.java:373)
at org.testng.SuiteRunner.run(SuiteRunner.java:312)
at org.testng.SuiteRunnerWorker.runSuite(SuiteRunnerWorker.java:52)
at org.testng.SuiteRunnerWorker.run(SuiteRunnerWorker.java:95)
at org.testng.TestNG.runSuitesSequentially(TestNG.java:1274)
at org.testng.TestNG.runSuitesLocally(TestNG.java:1208)
at org.testng.TestNG.runSuites(TestNG.java:1112)
at org.testng.TestNG.run(TestNG.java:1079)
at org.testng.remote.AbstractRemoteTestNG.run(AbstractRemoteTestNG.java:115)
at org.testng.remote.RemoteTestNG.initAndRun(RemoteTestNG.java:293)
at org.testng.remote.RemoteTestNG.main(RemoteTestNG.java:91)
]]>
            </full-stacktrace>
          </exception> <!-- java.lang.Exception -->
          <reporter-output>
          </reporter-output>
        </test-method> <!-- enterOTPTest -->
      </class> <!-- tests.OTPTest -->
    </test> <!-- Test -->
  </suite> <!-- Suite -->
</testng-results>
