<?xml version="1.0" encoding="UTF-8"?>
<testng-results ignored="0" total="2" passed="2" failed="0" skipped="0">
  <reporter-output>
  </reporter-output>
  <suite started-at="2026-04-10T15:00:33 IST" name="Suite" finished-at="2026-04-10T15:01:00 IST" duration-ms="27355">
    <groups>
      <group name="login">
        <method signature="DoctorLoginTest.testValidLogin()[pri:0, instance:tests.DoctorLoginTest@70325e14]" name="testValidLogin" class="tests.DoctorLoginTest"/>
      </group> <!-- login -->
    </groups>
    <test started-at="2026-04-10T15:00:33 IST" name="Test" finished-at="2026-04-10T15:01:00 IST" duration-ms="27355">
      <class name="tests.DoctorLoginTest">
        <test-method is-config="true" signature="setup()[pri:0, instance:tests.DoctorLoginTest@70325e14]" started-at="2026-04-10T15:00:33 IST" name="setup" finished-at="2026-04-10T15:00:40 IST" duration-ms="7312" status="PASS">
          <reporter-output>
          </reporter-output>
        </test-method> <!-- setup -->
        <test-method is-config="true" signature="initPage()[pri:0, instance:tests.DoctorLoginTest@70325e14]" started-at="2026-04-10T15:00:40 IST" name="initPage" finished-at="2026-04-10T15:00:41 IST" duration-ms="951" status="PASS">
          <reporter-output>
          </reporter-output>
        </test-method> <!-- initPage -->
        <test-method signature="testValidLogin()[pri:0, instance:tests.DoctorLoginTest@70325e14]" started-at="2026-04-10T15:00:41 IST" name="testValidLogin" finished-at="2026-04-10T15:00:47 IST" duration-ms="5799" status="PASS">
          <reporter-output>
          </reporter-output>
        </test-method> <!-- testValidLogin -->
      </class> <!-- tests.DoctorLoginTest -->
      <class name="tests.OTPTest">
        <test-method is-config="true" signature="initTestReport()[pri:0, instance:tests.OTPTest@6a2f6f80]" started-at="2026-04-10T15:00:40 IST" name="initTestReport" finished-at="2026-04-10T15:00:40 IST" depends-on-methods="Pages.BaseClassDoctor.setup" duration-ms="5" status="PASS">
          <reporter-output>
          </reporter-output>
        </test-method> <!-- initTestReport -->
        <test-method signature="enterOTPTest()[pri:0, instance:tests.OTPTest@6a2f6f80]" started-at="2026-04-10T15:00:47 IST" name="enterOTPTest" finished-at="2026-04-10T15:01:00 IST" duration-ms="13201" status="PASS">
          <reporter-output>
          </reporter-output>
        </test-method> <!-- enterOTPTest -->
      </class> <!-- tests.OTPTest -->
    </test> <!-- Test -->
  </suite> <!-- Suite -->
</testng-results>
